<?xml version="1.0" encoding="UTF-8"?>
<!-- Generated by org.testng.reporters.JUnitXMLReporter -->
<testsuite ignored="0" hostname="Roger" failures="0" tests="8" name="Default test" time="21.916" errors="0" timestamp="2023-03-16T13:19:43 IST">
  <testcase classname="helper.TestNGRunner" name="runScenario" time="0.145"/>
  <testcase classname="helper.TestNGRunner" name="runScenario" time="8.788"/>
  <testcase classname="helper.TestNGRunner" name="runScenario" time="3.131"/>
  <testcase classname="helper.TestNGRunner" name="runScenario" time="1.601"/>
  <testcase classname="helper.TestNGRunner" name="runScenario" time="0.509"/>
  <testcase classname="helper.TestNGRunner" name="runScenario" time="0.51"/>
  <testcase classname="helper.TestNGRunner" name="runScenario" time="3.705"/>
  <testcase classname="helper.TestNGRunner" name="runScenario" time="2.776"/>
</testsuite> <!-- Default test -->
