<?xml version="1.0" encoding="UTF-8"?>
<testng-results ignored="0" total="8" passed="8" failed="0" skipped="0">
  <reporter-output>
  </reporter-output>
  <suite started-at="2023-03-16T13:19:21 IST" name="Default suite" finished-at="2023-03-16T13:19:43 IST" duration-ms="21916">
    <groups>
      <group name="cucumber">
        <method signature="TestNGRunner.runScenario(io.cucumber.testng.PickleWrapper, io.cucumber.testng.FeatureWrapper)[pri:0, instance:CucumberRunner.FeatureRunner@3c419631]" name="runScenario" class="helper.TestNGRunner"/>
      </group> <!-- cucumber -->
    </groups>
    <test started-at="2023-03-16T13:19:21 IST" name="Default test" finished-at="2023-03-16T13:19:43 IST" duration-ms="21916">
      <class name="CucumberRunner.FeatureRunner">
        <test-method is-config="true" signature="setUpClass()[pri:0, instance:CucumberRunner.FeatureRunner@3c419631]" started-at="2023-03-16T13:19:21 IST" name="setUpClass" finished-at="2023-03-16T13:19:22 IST" duration-ms="405" status="PASS">
          <reporter-output>
          </reporter-output>
        </test-method> <!-- setUpClass -->
        <test-method signature="runScenario(io.cucumber.testng.PickleWrapper, io.cucumber.testng.FeatureWrapper)[pri:0, instance:CucumberRunner.FeatureRunner@3c419631]" started-at="2023-03-16T13:19:22 IST" name="runScenario" description="Runs Cucumber Scenarios" data-provider="scenarios" finished-at="2023-03-16T13:19:22 IST" duration-ms="145" status="PASS">
          <params>
            <param index="0">
              <value>
                <![CDATA["Setup Environment"]]>
              </value>
            </param>
            <param index="1">
              <value>
                <![CDATA["Optional[Verify all sidebar links are opening and navigating to the correct URL]"]]>
              </value>
            </param>
          </params>
          <reporter-output>
          </reporter-output>
        </test-method> <!-- runScenario -->
        <test-method signature="runScenario(io.cucumber.testng.PickleWrapper, io.cucumber.testng.FeatureWrapper)[pri:0, instance:CucumberRunner.FeatureRunner@3c419631]" started-at="2023-03-16T13:19:22 IST" name="runScenario" description="Runs Cucumber Scenarios" data-provider="scenarios" finished-at="2023-03-16T13:19:31 IST" duration-ms="8788" status="PASS">
          <params>
            <param index="0">
              <value>
                <![CDATA["Login to Round"]]>
              </value>
            </param>
            <param index="1">
              <value>
                <![CDATA["Optional[Verify all sidebar links are opening and navigating to the correct URL]"]]>
              </value>
            </param>
          </params>
          <reporter-output>
          </reporter-output>
        </test-method> <!-- runScenario -->
        <test-method signature="runScenario(io.cucumber.testng.PickleWrapper, io.cucumber.testng.FeatureWrapper)[pri:0, instance:CucumberRunner.FeatureRunner@3c419631]" started-at="2023-03-16T13:19:31 IST" name="runScenario" description="Runs Cucumber Scenarios" data-provider="scenarios" finished-at="2023-03-16T13:19:34 IST" duration-ms="3131" status="PASS">
          <params>
            <param index="0">
              <value>
                <![CDATA["Open Docs from navigation side bar and verify user is navigated to the correct page"]]>
              </value>
            </param>
            <param index="1">
              <value>
                <![CDATA["Optional[Verify all sidebar links are opening and navigating to the correct URL]"]]>
              </value>
            </param>
          </params>
          <reporter-output>
          </reporter-output>
        </test-method> <!-- runScenario -->
        <test-method signature="runScenario(io.cucumber.testng.PickleWrapper, io.cucumber.testng.FeatureWrapper)[pri:0, instance:CucumberRunner.FeatureRunner@3c419631]" started-at="2023-03-16T13:19:34 IST" name="runScenario" description="Runs Cucumber Scenarios" data-provider="scenarios" finished-at="2023-03-16T13:19:36 IST" duration-ms="1601" status="PASS">
          <params>
            <param index="0">
              <value>
                <![CDATA["Open Terms of Service from navigation side bar and verify user is navigated to the correct page"]]>
              </value>
            </param>
            <param index="1">
              <value>
                <![CDATA["Optional[Verify all sidebar links are opening and navigating to the correct URL]"]]>
              </value>
            </param>
          </params>
          <reporter-output>
          </reporter-output>
        </test-method> <!-- runScenario -->
        <test-method signature="runScenario(io.cucumber.testng.PickleWrapper, io.cucumber.testng.FeatureWrapper)[pri:0, instance:CucumberRunner.FeatureRunner@3c419631]" started-at="2023-03-16T13:19:36 IST" name="runScenario" description="Runs Cucumber Scenarios" data-provider="scenarios" finished-at="2023-03-16T13:19:36 IST" duration-ms="509" status="PASS">
          <params>
            <param index="0">
              <value>
                <![CDATA["Open Privacy Policy from navigation side bar and verify user is navigated to the correct page"]]>
              </value>
            </param>
            <param index="1">
              <value>
                <![CDATA["Optional[Verify all sidebar links are opening and navigating to the correct URL]"]]>
              </value>
            </param>
          </params>
          <reporter-output>
          </reporter-output>
        </test-method> <!-- runScenario -->
        <test-method signature="runScenario(io.cucumber.testng.PickleWrapper, io.cucumber.testng.FeatureWrapper)[pri:0, instance:CucumberRunner.FeatureRunner@3c419631]" started-at="2023-03-16T13:19:36 IST" name="runScenario" description="Runs Cucumber Scenarios" data-provider="scenarios" finished-at="2023-03-16T13:19:37 IST" duration-ms="510" status="PASS">
          <params>
            <param index="0">
              <value>
                <![CDATA["Open FAQs from navigation side bar and verify user is navigated to the correct page"]]>
              </value>
            </param>
            <param index="1">
              <value>
                <![CDATA["Optional[Verify all sidebar links are opening and navigating to the correct URL]"]]>
              </value>
            </param>
          </params>
          <reporter-output>
          </reporter-output>
        </test-method> <!-- runScenario -->
        <test-method signature="runScenario(io.cucumber.testng.PickleWrapper, io.cucumber.testng.FeatureWrapper)[pri:0, instance:CucumberRunner.FeatureRunner@3c419631]" started-at="2023-03-16T13:19:37 IST" name="runScenario" description="Runs Cucumber Scenarios" data-provider="scenarios" finished-at="2023-03-16T13:19:40 IST" duration-ms="3705" status="PASS">
          <params>
            <param index="0">
              <value>
                <![CDATA["Open Support from navigation side bar and verify user is navigated to the correct discord page"]]>
              </value>
            </param>
            <param index="1">
              <value>
                <![CDATA["Optional[Verify all sidebar links are opening and navigating to the correct URL]"]]>
              </value>
            </param>
          </params>
          <reporter-output>
          </reporter-output>
        </test-method> <!-- runScenario -->
        <test-method signature="runScenario(io.cucumber.testng.PickleWrapper, io.cucumber.testng.FeatureWrapper)[pri:0, instance:CucumberRunner.FeatureRunner@3c419631]" started-at="2023-03-16T13:19:40 IST" name="runScenario" description="Runs Cucumber Scenarios" data-provider="scenarios" finished-at="2023-03-16T13:19:43 IST" duration-ms="2776" status="PASS">
          <params>
            <param index="0">
              <value>
                <![CDATA["Sign Out from Round"]]>
              </value>
            </param>
            <param index="1">
              <value>
                <![CDATA["Optional[Verify all sidebar links are opening and navigating to the correct URL]"]]>
              </value>
            </param>
          </params>
          <reporter-output>
          </reporter-output>
        </test-method> <!-- runScenario -->
        <test-method is-config="true" signature="tearDownClass()[pri:0, instance:CucumberRunner.FeatureRunner@3c419631]" started-at="2023-03-16T13:19:43 IST" name="tearDownClass" finished-at="2023-03-16T13:19:43 IST" duration-ms="282" status="PASS">
          <reporter-output>
          </reporter-output>
        </test-method> <!-- tearDownClass -->
      </class> <!-- CucumberRunner.FeatureRunner -->
    </test> <!-- Default test -->
  </suite> <!-- Default suite -->
</testng-results>
